<?xml version="1.0" encoding="UTF-8"?>
<testsuite name="demo.deployment.DemoProcessorTest" tests="1" skipped="0" failures="0" errors="0" timestamp="2023-08-05T11:10:18" hostname="HK-MB-jefffang" time="0.589">
  <properties/>
  <testcase name="sayHello()" classname="demo.deployment.DemoProcessorTest" time="0.589"/>
  <system-out><![CDATA[2023-08-05 19:10:18,600 INFO  [io.quarkus] (Test worker) my-ext-deployment 1.0 on JVM (powered by Quarkus 3.2.2.Final) started in 0.259s. Listening on: http://localhost:8081
2023-08-05 19:10:18,609 INFO  [io.quarkus] (Test worker) Profile test activated. 
2023-08-05 19:10:18,609 INFO  [io.quarkus] (Test worker) Installed features: [cdi, my-ext, servlet, smallrye-context-propagation, vertx]
2023-08-05 19:10:19,222 INFO  [io.quarkus] (Test worker) my-ext-deployment stopped in 0.015s
]]></system-out>
  <system-err><![CDATA[]]></system-err>
</testsuite>
